<?xml version="1.0" encoding="UTF-8"?>
<!-- Generated by org.testng.reporters.JUnitReportReporter -->
<testsuite hostname="DDC2-D-44K3N62" name="com.acc.selenium_demo_practice.selenium_downloads" tests="1" failures="0" timestamp="12 Dec 2019 09:35:33 GMT" time="0.607" errors="0">
  <testcase name="sel_down" time="0.607" classname="com.acc.selenium_demo_practice.selenium_downloads"/>
</testsuite> <!-- com.acc.selenium_demo_practice.selenium_downloads -->
