<?xml version="1.0" encoding="UTF-8"?>
<!-- Generated by org.testng.reporters.JUnitReportReporter -->
<testsuite hostname="DDC2-D-44K3N62" name="com.acc.selenium_demo_practice.testmeapp" tests="1" failures="0" timestamp="12 Dec 2019 08:54:45 GMT" time="11.812" errors="0">
  <testcase name="testme_signup" time="11.812" classname="com.acc.selenium_demo_practice.testmeapp"/>
</testsuite> <!-- com.acc.selenium_demo_practice.testmeapp -->
