<?xml version="1.0" encoding="UTF-8"?>
<!-- Generated by org.testng.reporters.JUnitReportReporter -->
<testsuite hostname="DDC2-D-44K3N62" name="com.acc.selenium_demo_practice.selenium_demo_day2" tests="3" failures="0" timestamp="12 Dec 2019 05:29:56 GMT" time="0.008" errors="0">
  <testcase name="gmail" time="0.003" classname="com.acc.selenium_demo_practice.selenium_demo_day2"/>
  <testcase name="gOogle" time="0.003" classname="com.acc.selenium_demo_practice.selenium_demo_day2"/>
  <testcase name="facebook" time="0.002" classname="com.acc.selenium_demo_practice.selenium_demo_day2"/>
</testsuite> <!-- com.acc.selenium_demo_practice.selenium_demo_day2 -->
