<?xml version="1.0" encoding="UTF-8"?>
<!-- Generated by org.testng.reporters.JUnitReportReporter -->
<testsuite hostname="DDC2-D-44K3N62" name="com.acc.selenium_demo_practice.hdfc_netbanking" tests="1" failures="0" timestamp="12 Dec 2019 07:05:53 GMT" time="0.534" errors="0">
  <testcase name="hdfc_login" time="0.534" classname="com.acc.selenium_demo_practice.hdfc_netbanking"/>
</testsuite> <!-- com.acc.selenium_demo_practice.hdfc_netbanking -->
