<?xml version="1.0" encoding="UTF-8"?>
<!-- Generated by org.testng.reporters.JUnitReportReporter -->
<testsuite hostname="DDC2-D-44K3N62" name="com.acc.selenium_demo_practice.TestNG_demo1" tests="1" failures="0" timestamp="12 Dec 2019 05:29:56 GMT" time="0.007" errors="0">
  <testcase name="Login" time="0.007" classname="com.acc.selenium_demo_practice.TestNG_demo1"/>
</testsuite> <!-- com.acc.selenium_demo_practice.TestNG_demo1 -->
